<?xml version="1.0" encoding="UTF-8"?>
<!-- Generated by org.testng.reporters.JUnitXMLReporter -->
<testsuite hostname="Mohit-PC" ignored="0" name="Sprint1" tests="5" failures="0" timestamp="15 Oct 2018 05:45:18 GMT" time="0.054" errors="0">
  <testcase name="TestMethod1" time="0.006" classname="com.TestNGAnnotatiosns.Annotation2"/>
  <testcase name="TestMethod2" time="0.003" classname="com.TestNGAnnotatiosns.Annotation2"/>
  <testcase name="TestMethod1" time="0.001" classname="com.TestNGAnnotatiosns.Annotation1"/>
  <testcase name="TestMethod2" time="0.002" classname="com.TestNGAnnotatiosns.Annotation1"/>
  <testcase name="Mohit" time="0.001" classname="com.TestNGAnnotatiosns.Parametarization"/>
</testsuite> <!-- Sprint1 -->
