<?xml version="1.0" encoding="UTF-8"?>
<testng-results skipped="0" failed="0" ignored="0" total="3" passed="3">
  <reporter-output>
  </reporter-output>
  <suite name="Suite" duration-ms="61" started-at="2018-10-16T09:41:04Z" finished-at="2018-10-16T09:41:05Z">
    <groups>
    </groups>
    <test name="Test" duration-ms="61" started-at="2018-10-16T09:41:04Z" finished-at="2018-10-16T09:41:05Z">
      <class name="com.testng.ClassLevelListners">
        <test-method status="PASS" signature="Test1()[pri:0, instance:com.testng.ClassLevelListners@c038203]" name="Test1" duration-ms="13" started-at="2018-10-16T09:41:04Z" finished-at="2018-10-16T09:41:05Z">
          <reporter-output>
          </reporter-output>
        </test-method> <!-- Test1 -->
        <test-method status="PASS" signature="Test2()[pri:0, instance:com.testng.ClassLevelListners@c038203]" name="Test2" duration-ms="2" started-at="2018-10-16T09:41:05Z" finished-at="2018-10-16T09:41:05Z">
          <reporter-output>
          </reporter-output>
        </test-method> <!-- Test2 -->
        <test-method status="PASS" signature="Test3()[pri:0, instance:com.testng.ClassLevelListners@c038203]" name="Test3" duration-ms="2" started-at="2018-10-16T09:41:05Z" finished-at="2018-10-16T09:41:05Z">
          <reporter-output>
          </reporter-output>
        </test-method> <!-- Test3 -->
      </class> <!-- com.testng.ClassLevelListners -->
    </test> <!-- Test -->
  </suite> <!-- Suite -->
</testng-results>
