<?xml version="1.0" encoding="UTF-8"?>
<!-- Generated by org.testng.reporters.JUnitXMLReporter -->
<testsuite hostname="Mohit-PC" ignored="0" name="Demo Test" tests="5" failures="0" timestamp="12 Oct 2018 21:11:04 GMT" time="0.145" errors="0">
  <testcase name="TestMethod1" time="0.018" classname="com.TestNGAnnotatiosns.Annotation2"/>
  <testcase name="TestMethod2" time="0.006" classname="com.TestNGAnnotatiosns.Annotation2"/>
  <testcase name="TestMethod1" time="0.006" classname="com.TestNGAnnotatiosns.Annotation1"/>
  <testcase name="TestMethod2" time="0.004" classname="com.TestNGAnnotatiosns.Annotation1"/>
  <testcase name="Mohit" time="0.004" classname="com.TestNGAnnotatiosns.Parametarization"/>
</testsuite> <!-- Demo Test -->
