<?xml version="1.0" encoding="UTF-8"?>
<!-- Generated by org.testng.reporters.JUnitXMLReporter -->
<testsuite hostname="Mohit-PC" ignored="0" name="Test" tests="3" failures="0" timestamp="16 Oct 2018 09:41:05 GMT" time="0.061" errors="0">
  <testcase name="Test1" time="0.013" classname="com.testng.ClassLevelListners"/>
  <testcase name="Test2" time="0.002" classname="com.testng.ClassLevelListners"/>
  <testcase name="Test3" time="0.002" classname="com.testng.ClassLevelListners"/>
</testsuite> <!-- Test -->
